Analysis & Synthesis report for processador
Thu Nov 10 19:05:17 2022
Quartus Prime Version 21.1.1 Build 850 06/23/2022 SJ Lite Edition


---------------------
; Table of Contents ;
---------------------
  1. Legal Notice
  2. Analysis & Synthesis Summary
  3. Analysis & Synthesis Settings
  4. Parallel Compilation
  5. Analysis & Synthesis Source Files Read
  6. Analysis & Synthesis Resource Usage Summary
  7. Analysis & Synthesis Resource Utilization by Entity
  8. Analysis & Synthesis RAM Summary
  9. General Register Statistics
 10. Multiplexer Restructuring Statistics (Restructuring Performed)
 11. Source assignments for ram:ram_mem|altsyncram:memory_rtl_0|altsyncram_tee1:auto_generated
 12. Parameter Settings for User Entity Instance: ram:ram_mem
 13. Parameter Settings for Inferred Entity Instance: ram:ram_mem|altsyncram:memory_rtl_0
 14. altsyncram Parameter Settings by Entity Instance
 15. Port Connectivity Checks: "banco_registradores:registers|register:H"
 16. Port Connectivity Checks: "banco_registradores:registers|register:OPC"
 17. Port Connectivity Checks: "banco_registradores:registers|register:TOS"
 18. Port Connectivity Checks: "banco_registradores:registers|register:CPP"
 19. Port Connectivity Checks: "banco_registradores:registers|register:LV"
 20. Port Connectivity Checks: "banco_registradores:registers|register:SP"
 21. Port Connectivity Checks: "banco_registradores:registers|register:MBR"
 22. Port Connectivity Checks: "banco_registradores:registers|register:PC"
 23. Port Connectivity Checks: "banco_registradores:registers|register:MAR"
 24. Port Connectivity Checks: "banco_registradores:registers|decod4_16:decod"
 25. Post-Synthesis Netlist Statistics for Top Partition
 26. Elapsed Time Per Partition
 27. Analysis & Synthesis Messages
 28. Analysis & Synthesis Suppressed Messages



----------------
; Legal Notice ;
----------------
Copyright (C) 2022  Intel Corporation. All rights reserved.
Your use of Intel Corporation's design tools, logic functions 
and other software and tools, and any partner logic 
functions, and any output files from any of the foregoing 
(including device programming or simulation files), and any 
associated documentation or information are expressly subject 
to the terms and conditions of the Intel Program License 
Subscription Agreement, the Intel Quartus Prime License Agreement,
the Intel FPGA IP License Agreement, or other applicable license
agreement, including, without limitation, that your use is for
the sole purpose of programming logic devices manufactured by
Intel and sold by Intel or its authorized distributors.  Please
refer to the applicable agreement for further details, at
https://fpgasoftware.intel.com/eula.



+----------------------------------------------------------------------------------+
; Analysis & Synthesis Summary                                                     ;
+------------------------------------+---------------------------------------------+
; Analysis & Synthesis Status        ; Successful - Thu Nov 10 19:05:17 2022       ;
; Quartus Prime Version              ; 21.1.1 Build 850 06/23/2022 SJ Lite Edition ;
; Revision Name                      ; processador                                 ;
; Top-level Entity Name              ; cpu                                         ;
; Family                             ; Cyclone IV E                                ;
; Total logic elements               ; 651                                         ;
;     Total combinational functions  ; 549                                         ;
;     Dedicated logic registers      ; 135                                         ;
; Total registers                    ; 135                                         ;
; Total pins                         ; 157                                         ;
; Total virtual pins                 ; 0                                           ;
; Total memory bits                  ; 512                                         ;
; Embedded Multiplier 9-bit elements ; 0                                           ;
; Total PLLs                         ; 0                                           ;
+------------------------------------+---------------------------------------------+


+------------------------------------------------------------------------------------------------------------+
; Analysis & Synthesis Settings                                                                              ;
+------------------------------------------------------------------+--------------------+--------------------+
; Option                                                           ; Setting            ; Default Value      ;
+------------------------------------------------------------------+--------------------+--------------------+
; Top-level entity name                                            ; cpu                ; processador        ;
; Family name                                                      ; Cyclone IV E       ; Cyclone V          ;
; Use smart compilation                                            ; Off                ; Off                ;
; Enable parallel Assembler and Timing Analyzer during compilation ; On                 ; On                 ;
; Enable compact report table                                      ; Off                ; Off                ;
; Restructure Multiplexers                                         ; Auto               ; Auto               ;
; Create Debugging Nodes for IP Cores                              ; Off                ; Off                ;
; Preserve fewer node names                                        ; On                 ; On                 ;
; Intel FPGA IP Evaluation Mode                                    ; Enable             ; Enable             ;
; Verilog Version                                                  ; Verilog_2001       ; Verilog_2001       ;
; VHDL Version                                                     ; VHDL_1993          ; VHDL_1993          ;
; State Machine Processing                                         ; Auto               ; Auto               ;
; Safe State Machine                                               ; Off                ; Off                ;
; Extract Verilog State Machines                                   ; On                 ; On                 ;
; Extract VHDL State Machines                                      ; On                 ; On                 ;
; Ignore Verilog initial constructs                                ; Off                ; Off                ;
; Iteration limit for constant Verilog loops                       ; 5000               ; 5000               ;
; Iteration limit for non-constant Verilog loops                   ; 250                ; 250                ;
; Add Pass-Through Logic to Inferred RAMs                          ; On                 ; On                 ;
; Infer RAMs from Raw Logic                                        ; On                 ; On                 ;
; Parallel Synthesis                                               ; On                 ; On                 ;
; DSP Block Balancing                                              ; Auto               ; Auto               ;
; NOT Gate Push-Back                                               ; On                 ; On                 ;
; Power-Up Don't Care                                              ; On                 ; On                 ;
; Remove Redundant Logic Cells                                     ; Off                ; Off                ;
; Remove Duplicate Registers                                       ; On                 ; On                 ;
; Ignore CARRY Buffers                                             ; Off                ; Off                ;
; Ignore CASCADE Buffers                                           ; Off                ; Off                ;
; Ignore GLOBAL Buffers                                            ; Off                ; Off                ;
; Ignore ROW GLOBAL Buffers                                        ; Off                ; Off                ;
; Ignore LCELL Buffers                                             ; Off                ; Off                ;
; Ignore SOFT Buffers                                              ; On                 ; On                 ;
; Limit AHDL Integers to 32 Bits                                   ; Off                ; Off                ;
; Optimization Technique                                           ; Balanced           ; Balanced           ;
; Carry Chain Length                                               ; 70                 ; 70                 ;
; Auto Carry Chains                                                ; On                 ; On                 ;
; Auto Open-Drain Pins                                             ; On                 ; On                 ;
; Perform WYSIWYG Primitive Resynthesis                            ; Off                ; Off                ;
; Auto ROM Replacement                                             ; On                 ; On                 ;
; Auto RAM Replacement                                             ; On                 ; On                 ;
; Auto DSP Block Replacement                                       ; On                 ; On                 ;
; Auto Shift Register Replacement                                  ; Auto               ; Auto               ;
; Allow Shift Register Merging across Hierarchies                  ; Auto               ; Auto               ;
; Auto Clock Enable Replacement                                    ; On                 ; On                 ;
; Strict RAM Replacement                                           ; Off                ; Off                ;
; Allow Synchronous Control Signals                                ; On                 ; On                 ;
; Force Use of Synchronous Clear Signals                           ; Off                ; Off                ;
; Auto RAM Block Balancing                                         ; On                 ; On                 ;
; Auto RAM to Logic Cell Conversion                                ; Off                ; Off                ;
; Auto Resource Sharing                                            ; Off                ; Off                ;
; Allow Any RAM Size For Recognition                               ; Off                ; Off                ;
; Allow Any ROM Size For Recognition                               ; Off                ; Off                ;
; Allow Any Shift Register Size For Recognition                    ; Off                ; Off                ;
; Use LogicLock Constraints during Resource Balancing              ; On                 ; On                 ;
; Ignore translate_off and synthesis_off directives                ; Off                ; Off                ;
; Timing-Driven Synthesis                                          ; On                 ; On                 ;
; Report Parameter Settings                                        ; On                 ; On                 ;
; Report Source Assignments                                        ; On                 ; On                 ;
; Report Connectivity Checks                                       ; On                 ; On                 ;
; Ignore Maximum Fan-Out Assignments                               ; Off                ; Off                ;
; Synchronization Register Chain Length                            ; 2                  ; 2                  ;
; Power Optimization During Synthesis                              ; Normal compilation ; Normal compilation ;
; HDL message level                                                ; Level2             ; Level2             ;
; Suppress Register Optimization Related Messages                  ; Off                ; Off                ;
; Number of Removed Registers Reported in Synthesis Report         ; 5000               ; 5000               ;
; Number of Swept Nodes Reported in Synthesis Report               ; 5000               ; 5000               ;
; Number of Inverted Registers Reported in Synthesis Report        ; 100                ; 100                ;
; Clock MUX Protection                                             ; On                 ; On                 ;
; Auto Gated Clock Conversion                                      ; Off                ; Off                ;
; Block Design Naming                                              ; Auto               ; Auto               ;
; SDC constraint protection                                        ; Off                ; Off                ;
; Synthesis Effort                                                 ; Auto               ; Auto               ;
; Shift Register Replacement - Allow Asynchronous Clear Signal     ; On                 ; On                 ;
; Pre-Mapping Resynthesis Optimization                             ; Off                ; Off                ;
; Analysis & Synthesis Message Level                               ; Medium             ; Medium             ;
; Disable Register Merging Across Hierarchies                      ; Auto               ; Auto               ;
; Resource Aware Inference For Block RAM                           ; On                 ; On                 ;
+------------------------------------------------------------------+--------------------+--------------------+


+------------------------------------------+
; Parallel Compilation                     ;
+----------------------------+-------------+
; Processors                 ; Number      ;
+----------------------------+-------------+
; Number detected on machine ; 8           ;
; Maximum allowed            ; 4           ;
;                            ;             ;
; Average used               ; 1.00        ;
; Maximum used               ; 4           ;
;                            ;             ;
; Usage by Processor         ; % Time Used ;
;     Processor 1            ; 100.0%      ;
;     Processors 2-4         ;   0.1%      ;
+----------------------------+-------------+


+---------------------------------------------------------------------------------------------------------------------------------------------------------------------------------------+
; Analysis & Synthesis Source Files Read                                                                                                                                                ;
+----------------------------------+-----------------+------------------------------+-----------------------------------------------------------------------------------------+---------+
; File Name with User-Entered Path ; Used in Netlist ; File Type                    ; File Name with Absolute Path                                                            ; Library ;
+----------------------------------+-----------------+------------------------------+-----------------------------------------------------------------------------------------+---------+
; ula.v                            ; yes             ; User Verilog HDL File        ; C:/Users/felip/Desktop/Facul/Repositorio_processador/processador/ula.v                  ;         ;
; banco_registradores.v            ; yes             ; User Verilog HDL File        ; C:/Users/felip/Desktop/Facul/Repositorio_processador/processador/banco_registradores.v  ;         ;
; cpu.v                            ; yes             ; User Verilog HDL File        ; C:/Users/felip/Desktop/Facul/Repositorio_processador/processador/cpu.v                  ;         ;
; decod4_16.v                      ; yes             ; User Verilog HDL File        ; C:/Users/felip/Desktop/Facul/Repositorio_processador/processador/decod4_16.v            ;         ;
; register.v                       ; yes             ; User Verilog HDL File        ; C:/Users/felip/Desktop/Facul/Repositorio_processador/processador/register.v             ;         ;
; shifter.v                        ; yes             ; User Verilog HDL File        ; C:/Users/felip/Desktop/Facul/Repositorio_processador/processador/shifter.v              ;         ;
; ram.v                            ; yes             ; User Verilog HDL File        ; C:/Users/felip/Desktop/Facul/Repositorio_processador/processador/ram.v                  ;         ;
; altsyncram.tdf                   ; yes             ; Megafunction                 ; c:/intelfpga_lite/21.1/quartus/libraries/megafunctions/altsyncram.tdf                   ;         ;
; stratix_ram_block.inc            ; yes             ; Megafunction                 ; c:/intelfpga_lite/21.1/quartus/libraries/megafunctions/stratix_ram_block.inc            ;         ;
; lpm_mux.inc                      ; yes             ; Megafunction                 ; c:/intelfpga_lite/21.1/quartus/libraries/megafunctions/lpm_mux.inc                      ;         ;
; lpm_decode.inc                   ; yes             ; Megafunction                 ; c:/intelfpga_lite/21.1/quartus/libraries/megafunctions/lpm_decode.inc                   ;         ;
; aglobal211.inc                   ; yes             ; Megafunction                 ; c:/intelfpga_lite/21.1/quartus/libraries/megafunctions/aglobal211.inc                   ;         ;
; a_rdenreg.inc                    ; yes             ; Megafunction                 ; c:/intelfpga_lite/21.1/quartus/libraries/megafunctions/a_rdenreg.inc                    ;         ;
; altrom.inc                       ; yes             ; Megafunction                 ; c:/intelfpga_lite/21.1/quartus/libraries/megafunctions/altrom.inc                       ;         ;
; altram.inc                       ; yes             ; Megafunction                 ; c:/intelfpga_lite/21.1/quartus/libraries/megafunctions/altram.inc                       ;         ;
; altdpram.inc                     ; yes             ; Megafunction                 ; c:/intelfpga_lite/21.1/quartus/libraries/megafunctions/altdpram.inc                     ;         ;
; db/altsyncram_tee1.tdf           ; yes             ; Auto-Generated Megafunction  ; C:/Users/felip/Desktop/Facul/Repositorio_processador/processador/db/altsyncram_tee1.tdf ;         ;
+----------------------------------+-----------------+------------------------------+-----------------------------------------------------------------------------------------+---------+


+-----------------------------------------------------------+
; Analysis & Synthesis Resource Usage Summary               ;
+---------------------------------------------+-------------+
; Resource                                    ; Usage       ;
+---------------------------------------------+-------------+
; Estimated Total logic elements              ; 651         ;
;                                             ;             ;
; Total combinational functions               ; 549         ;
; Logic element usage by number of LUT inputs ;             ;
;     -- 4 input functions                    ; 357         ;
;     -- 3 input functions                    ; 153         ;
;     -- <=2 input functions                  ; 39          ;
;                                             ;             ;
; Logic elements by mode                      ;             ;
;     -- normal mode                          ; 486         ;
;     -- arithmetic mode                      ; 63          ;
;                                             ;             ;
; Total registers                             ; 135         ;
;     -- Dedicated logic registers            ; 135         ;
;     -- I/O registers                        ; 0           ;
;                                             ;             ;
; I/O pins                                    ; 157         ;
; Total memory bits                           ; 512         ;
;                                             ;             ;
; Embedded Multiplier 9-bit elements          ; 0           ;
;                                             ;             ;
; Maximum fan-out node                        ; clock~input ;
; Maximum fan-out                             ; 135         ;
; Total fan-out                               ; 3038        ;
; Average fan-out                             ; 2.95        ;
+---------------------------------------------+-------------+


+-------------------------------------------------------------------------------------------------------------------------------------------------------------------------------------------------------------------------------------------------------------------------------------+
; Analysis & Synthesis Resource Utilization by Entity                                                                                                                                                                                                                                 ;
+-------------------------------------------+---------------------+---------------------------+-------------+--------------+---------+-----------+------+--------------+-------------------------------------------------------------------------+---------------------+--------------+
; Compilation Hierarchy Node                ; Combinational ALUTs ; Dedicated Logic Registers ; Memory Bits ; DSP Elements ; DSP 9x9 ; DSP 18x18 ; Pins ; Virtual Pins ; Full Hierarchy Name                                                     ; Entity Name         ; Library Name ;
+-------------------------------------------+---------------------+---------------------------+-------------+--------------+---------+-----------+------+--------------+-------------------------------------------------------------------------+---------------------+--------------+
; |cpu                                      ; 549 (0)             ; 135 (0)                   ; 512         ; 0            ; 0       ; 0         ; 157  ; 0            ; |cpu                                                                    ; cpu                 ; work         ;
;    |banco_registradores:registers|        ; 33 (0)              ; 103 (0)                   ; 0           ; 0            ; 0       ; 0         ; 0    ; 0            ; |cpu|banco_registradores:registers                                      ; banco_registradores ; work         ;
;       |decod4_16:decod|                   ; 1 (1)               ; 1 (1)                     ; 0           ; 0            ; 0       ; 0         ; 0    ; 0            ; |cpu|banco_registradores:registers|decod4_16:decod                      ; decod4_16           ; work         ;
;       |register:H|                        ; 0 (0)               ; 32 (32)                   ; 0           ; 0            ; 0       ; 0         ; 0    ; 0            ; |cpu|banco_registradores:registers|register:H                           ; register            ; work         ;
;       |register:MAR|                      ; 0 (0)               ; 32 (32)                   ; 0           ; 0            ; 0       ; 0         ; 0    ; 0            ; |cpu|banco_registradores:registers|register:MAR                         ; register            ; work         ;
;       |register:MBR|                      ; 0 (0)               ; 2 (2)                     ; 0           ; 0            ; 0       ; 0         ; 0    ; 0            ; |cpu|banco_registradores:registers|register:MBR                         ; register            ; work         ;
;       |register:MDR|                      ; 32 (32)             ; 32 (32)                   ; 0           ; 0            ; 0       ; 0         ; 0    ; 0            ; |cpu|banco_registradores:registers|register:MDR                         ; register            ; work         ;
;       |register:PC|                       ; 0 (0)               ; 4 (4)                     ; 0           ; 0            ; 0       ; 0         ; 0    ; 0            ; |cpu|banco_registradores:registers|register:PC                          ; register            ; work         ;
;    |ram:ram_mem|                          ; 0 (0)               ; 32 (32)                   ; 512         ; 0            ; 0       ; 0         ; 0    ; 0            ; |cpu|ram:ram_mem                                                        ; ram                 ; work         ;
;       |altsyncram:memory_rtl_0|           ; 0 (0)               ; 0 (0)                     ; 512         ; 0            ; 0       ; 0         ; 0    ; 0            ; |cpu|ram:ram_mem|altsyncram:memory_rtl_0                                ; altsyncram          ; work         ;
;          |altsyncram_tee1:auto_generated| ; 0 (0)               ; 0 (0)                     ; 512         ; 0            ; 0       ; 0         ; 0    ; 0            ; |cpu|ram:ram_mem|altsyncram:memory_rtl_0|altsyncram_tee1:auto_generated ; altsyncram_tee1     ; work         ;
;    |shifter:shifter|                      ; 142 (142)           ; 0 (0)                     ; 0           ; 0            ; 0       ; 0         ; 0    ; 0            ; |cpu|shifter:shifter                                                    ; shifter             ; work         ;
;    |ula:alu|                              ; 374 (374)           ; 0 (0)                     ; 0           ; 0            ; 0       ; 0         ; 0    ; 0            ; |cpu|ula:alu                                                            ; ula                 ; work         ;
+-------------------------------------------+---------------------+---------------------------+-------------+--------------+---------+-----------+------+--------------+-------------------------------------------------------------------------+---------------------+--------------+
Note: For table entries with two numbers listed, the numbers in parentheses indicate the number of resources of the given type used by the specific entity alone. The numbers listed outside of parentheses indicate the total resources of the given type used by the specific entity and all of its sub-entities in the hierarchy.


+-----------------------------------------------------------------------------------------------------------------------------------------------------------------------------------+
; Analysis & Synthesis RAM Summary                                                                                                                                                  ;
+-------------------------------------------------------------------------------+------+------------------+--------------+--------------+--------------+--------------+------+------+
; Name                                                                          ; Type ; Mode             ; Port A Depth ; Port A Width ; Port B Depth ; Port B Width ; Size ; MIF  ;
+-------------------------------------------------------------------------------+------+------------------+--------------+--------------+--------------+--------------+------+------+
; ram:ram_mem|altsyncram:memory_rtl_0|altsyncram_tee1:auto_generated|ALTSYNCRAM ; AUTO ; Simple Dual Port ; 16           ; 32           ; 16           ; 32           ; 512  ; None ;
+-------------------------------------------------------------------------------+------+------------------+--------------+--------------+--------------+--------------+------+------+


+------------------------------------------------------+
; General Register Statistics                          ;
+----------------------------------------------+-------+
; Statistic                                    ; Value ;
+----------------------------------------------+-------+
; Total registers                              ; 135   ;
; Number of registers using Synchronous Clear  ; 0     ;
; Number of registers using Synchronous Load   ; 0     ;
; Number of registers using Asynchronous Clear ; 0     ;
; Number of registers using Asynchronous Load  ; 0     ;
; Number of registers using Clock Enable       ; 102   ;
; Number of registers using Preset             ; 0     ;
+----------------------------------------------+-------+


+-----------------------------------------------------------------------------------------------------------------------------------------------+
; Multiplexer Restructuring Statistics (Restructuring Performed)                                                                                ;
+--------------------+-----------+---------------+----------------------+------------------------+------------+---------------------------------+
; Multiplexer Inputs ; Bus Width ; Baseline Area ; Area if Restructured ; Saving if Restructured ; Registered ; Example Multiplexer Output      ;
+--------------------+-----------+---------------+----------------------+------------------------+------------+---------------------------------+
; 3:1                ; 23 bits   ; 46 LEs        ; 46 LEs               ; 0 LEs                  ; No         ; |cpu|shifter:shifter|Selector10 ;
; 33:1               ; 31 bits   ; 682 LEs       ; 186 LEs              ; 496 LEs                ; No         ; |cpu|ula:alu|Mux2               ;
; 6:1                ; 31 bits   ; 124 LEs       ; 62 LEs               ; 62 LEs                 ; No         ; |cpu|ula:alu|Add1               ;
; 6:1                ; 31 bits   ; 124 LEs       ; 62 LEs               ; 62 LEs                 ; No         ; |cpu|ula:alu|Add1               ;
+--------------------+-----------+---------------+----------------------+------------------------+------------+---------------------------------+


+-------------------------------------------------------------------------------------------+
; Source assignments for ram:ram_mem|altsyncram:memory_rtl_0|altsyncram_tee1:auto_generated ;
+---------------------------------+--------------------+------+-----------------------------+
; Assignment                      ; Value              ; From ; To                          ;
+---------------------------------+--------------------+------+-----------------------------+
; OPTIMIZE_POWER_DURING_SYNTHESIS ; NORMAL_COMPILATION ; -    ; -                           ;
+---------------------------------+--------------------+------+-----------------------------+


+----------------------------------------------------------+
; Parameter Settings for User Entity Instance: ram:ram_mem ;
+----------------+-------+---------------------------------+
; Parameter Name ; Value ; Type                            ;
+----------------+-------+---------------------------------+
; D_WIDTH        ; 32    ; Signed Integer                  ;
; A_WIDTH        ; 4     ; Signed Integer                  ;
; A_MAX          ; 16    ; Signed Integer                  ;
+----------------+-------+---------------------------------+
Note: In order to hide this table in the UI and the text report file, please set the "Show Parameter Settings in Synthesis Report" option in "Analysis and Synthesis Settings -> More Settings" to "Off".


+--------------------------------------------------------------------------------------+
; Parameter Settings for Inferred Entity Instance: ram:ram_mem|altsyncram:memory_rtl_0 ;
+------------------------------------+----------------------+--------------------------+
; Parameter Name                     ; Value                ; Type                     ;
+------------------------------------+----------------------+--------------------------+
; BYTE_SIZE_BLOCK                    ; 8                    ; Untyped                  ;
; AUTO_CARRY_CHAINS                  ; ON                   ; AUTO_CARRY               ;
; IGNORE_CARRY_BUFFERS               ; OFF                  ; IGNORE_CARRY             ;
; AUTO_CASCADE_CHAINS                ; ON                   ; AUTO_CASCADE             ;
; IGNORE_CASCADE_BUFFERS             ; OFF                  ; IGNORE_CASCADE           ;
; WIDTH_BYTEENA                      ; 1                    ; Untyped                  ;
; OPERATION_MODE                     ; DUAL_PORT            ; Untyped                  ;
; WIDTH_A                            ; 32                   ; Untyped                  ;
; WIDTHAD_A                          ; 4                    ; Untyped                  ;
; NUMWORDS_A                         ; 16                   ; Untyped                  ;
; OUTDATA_REG_A                      ; UNREGISTERED         ; Untyped                  ;
; ADDRESS_ACLR_A                     ; NONE                 ; Untyped                  ;
; OUTDATA_ACLR_A                     ; NONE                 ; Untyped                  ;
; WRCONTROL_ACLR_A                   ; NONE                 ; Untyped                  ;
; INDATA_ACLR_A                      ; NONE                 ; Untyped                  ;
; BYTEENA_ACLR_A                     ; NONE                 ; Untyped                  ;
; WIDTH_B                            ; 32                   ; Untyped                  ;
; WIDTHAD_B                          ; 4                    ; Untyped                  ;
; NUMWORDS_B                         ; 16                   ; Untyped                  ;
; INDATA_REG_B                       ; CLOCK1               ; Untyped                  ;
; WRCONTROL_WRADDRESS_REG_B          ; CLOCK1               ; Untyped                  ;
; RDCONTROL_REG_B                    ; CLOCK1               ; Untyped                  ;
; ADDRESS_REG_B                      ; CLOCK1               ; Untyped                  ;
; OUTDATA_REG_B                      ; UNREGISTERED         ; Untyped                  ;
; BYTEENA_REG_B                      ; CLOCK1               ; Untyped                  ;
; INDATA_ACLR_B                      ; NONE                 ; Untyped                  ;
; WRCONTROL_ACLR_B                   ; NONE                 ; Untyped                  ;
; ADDRESS_ACLR_B                     ; NONE                 ; Untyped                  ;
; OUTDATA_ACLR_B                     ; NONE                 ; Untyped                  ;
; RDCONTROL_ACLR_B                   ; NONE                 ; Untyped                  ;
; BYTEENA_ACLR_B                     ; NONE                 ; Untyped                  ;
; WIDTH_BYTEENA_A                    ; 1                    ; Untyped                  ;
; WIDTH_BYTEENA_B                    ; 1                    ; Untyped                  ;
; RAM_BLOCK_TYPE                     ; AUTO                 ; Untyped                  ;
; BYTE_SIZE                          ; 8                    ; Untyped                  ;
; READ_DURING_WRITE_MODE_MIXED_PORTS ; DONT_CARE            ; Untyped                  ;
; READ_DURING_WRITE_MODE_PORT_A      ; NEW_DATA_NO_NBE_READ ; Untyped                  ;
; READ_DURING_WRITE_MODE_PORT_B      ; NEW_DATA_NO_NBE_READ ; Untyped                  ;
; INIT_FILE                          ; UNUSED               ; Untyped                  ;
; INIT_FILE_LAYOUT                   ; PORT_A               ; Untyped                  ;
; MAXIMUM_DEPTH                      ; 0                    ; Untyped                  ;
; CLOCK_ENABLE_INPUT_A               ; NORMAL               ; Untyped                  ;
; CLOCK_ENABLE_INPUT_B               ; NORMAL               ; Untyped                  ;
; CLOCK_ENABLE_OUTPUT_A              ; NORMAL               ; Untyped                  ;
; CLOCK_ENABLE_OUTPUT_B              ; NORMAL               ; Untyped                  ;
; CLOCK_ENABLE_CORE_A                ; USE_INPUT_CLKEN      ; Untyped                  ;
; CLOCK_ENABLE_CORE_B                ; USE_INPUT_CLKEN      ; Untyped                  ;
; ENABLE_ECC                         ; FALSE                ; Untyped                  ;
; ECC_PIPELINE_STAGE_ENABLED         ; FALSE                ; Untyped                  ;
; WIDTH_ECCSTATUS                    ; 3                    ; Untyped                  ;
; DEVICE_FAMILY                      ; Cyclone IV E         ; Untyped                  ;
; CBXI_PARAMETER                     ; altsyncram_tee1      ; Untyped                  ;
+------------------------------------+----------------------+--------------------------+
Note: In order to hide this table in the UI and the text report file, please set the "Show Parameter Settings in Synthesis Report" option in "Analysis and Synthesis Settings -> More Settings" to "Off".


+---------------------------------------------------------------------------------+
; altsyncram Parameter Settings by Entity Instance                                ;
+-------------------------------------------+-------------------------------------+
; Name                                      ; Value                               ;
+-------------------------------------------+-------------------------------------+
; Number of entity instances                ; 1                                   ;
; Entity Instance                           ; ram:ram_mem|altsyncram:memory_rtl_0 ;
;     -- OPERATION_MODE                     ; DUAL_PORT                           ;
;     -- WIDTH_A                            ; 32                                  ;
;     -- NUMWORDS_A                         ; 16                                  ;
;     -- OUTDATA_REG_A                      ; UNREGISTERED                        ;
;     -- WIDTH_B                            ; 32                                  ;
;     -- NUMWORDS_B                         ; 16                                  ;
;     -- ADDRESS_REG_B                      ; CLOCK1                              ;
;     -- OUTDATA_REG_B                      ; UNREGISTERED                        ;
;     -- RAM_BLOCK_TYPE                     ; AUTO                                ;
;     -- READ_DURING_WRITE_MODE_MIXED_PORTS ; DONT_CARE                           ;
+-------------------------------------------+-------------------------------------+


+----------------------------------------------------------------------+
; Port Connectivity Checks: "banco_registradores:registers|register:H" ;
+------------+-------+----------+--------------------------------------+
; Port       ; Type  ; Severity ; Details                              ;
+------------+-------+----------+--------------------------------------+
; out_enable ; Input ; Info     ; Stuck at VCC                         ;
+------------+-------+----------+--------------------------------------+


+--------------------------------------------------------------------------------------------------------------------+
; Port Connectivity Checks: "banco_registradores:registers|register:OPC"                                             ;
+----------+--------+----------+-------------------------------------------------------------------------------------+
; Port     ; Type   ; Severity ; Details                                                                             ;
+----------+--------+----------+-------------------------------------------------------------------------------------+
; data_out ; Output ; Info     ; Connected to dangling logic. Logic that only feeds a dangling port will be removed. ;
+----------+--------+----------+-------------------------------------------------------------------------------------+


+--------------------------------------------------------------------------------------------------------------------+
; Port Connectivity Checks: "banco_registradores:registers|register:TOS"                                             ;
+----------+--------+----------+-------------------------------------------------------------------------------------+
; Port     ; Type   ; Severity ; Details                                                                             ;
+----------+--------+----------+-------------------------------------------------------------------------------------+
; data_out ; Output ; Info     ; Connected to dangling logic. Logic that only feeds a dangling port will be removed. ;
+----------+--------+----------+-------------------------------------------------------------------------------------+


+--------------------------------------------------------------------------------------------------------------------+
; Port Connectivity Checks: "banco_registradores:registers|register:CPP"                                             ;
+----------+--------+----------+-------------------------------------------------------------------------------------+
; Port     ; Type   ; Severity ; Details                                                                             ;
+----------+--------+----------+-------------------------------------------------------------------------------------+
; data_out ; Output ; Info     ; Connected to dangling logic. Logic that only feeds a dangling port will be removed. ;
+----------+--------+----------+-------------------------------------------------------------------------------------+


+--------------------------------------------------------------------------------------------------------------------+
; Port Connectivity Checks: "banco_registradores:registers|register:LV"                                              ;
+----------+--------+----------+-------------------------------------------------------------------------------------+
; Port     ; Type   ; Severity ; Details                                                                             ;
+----------+--------+----------+-------------------------------------------------------------------------------------+
; data_out ; Output ; Info     ; Connected to dangling logic. Logic that only feeds a dangling port will be removed. ;
+----------+--------+----------+-------------------------------------------------------------------------------------+


+--------------------------------------------------------------------------------------------------------------------+
; Port Connectivity Checks: "banco_registradores:registers|register:SP"                                              ;
+----------+--------+----------+-------------------------------------------------------------------------------------+
; Port     ; Type   ; Severity ; Details                                                                             ;
+----------+--------+----------+-------------------------------------------------------------------------------------+
; data_out ; Output ; Info     ; Connected to dangling logic. Logic that only feeds a dangling port will be removed. ;
+----------+--------+----------+-------------------------------------------------------------------------------------+


+------------------------------------------------------------------------------------------------------------------------------------------------------------------------------------+
; Port Connectivity Checks: "banco_registradores:registers|register:MBR"                                                                                                             ;
+------------+--------+----------+---------------------------------------------------------------------------------------------------------------------------------------------------+
; Port       ; Type   ; Severity ; Details                                                                                                                                           ;
+------------+--------+----------+---------------------------------------------------------------------------------------------------------------------------------------------------+
; data_in    ; Input  ; Warning  ; Input port expression (2 bits) is smaller than the input port (32 bits) it drives.  Extra input bit(s) "data_in[31..2]" will be connected to GND. ;
; out_enable ; Input  ; Info     ; Stuck at VCC                                                                                                                                      ;
; data_out   ; Output ; Warning  ; Output or bidir port (32 bits) is wider than the port expression (2 bits) it drives; bit(s) "data_out[31..2]" have no fanouts                     ;
+------------+--------+----------+---------------------------------------------------------------------------------------------------------------------------------------------------+


+------------------------------------------------------------------------------------------------------------------------------------------------------------------------------------+
; Port Connectivity Checks: "banco_registradores:registers|register:PC"                                                                                                              ;
+------------+--------+----------+---------------------------------------------------------------------------------------------------------------------------------------------------+
; Port       ; Type   ; Severity ; Details                                                                                                                                           ;
+------------+--------+----------+---------------------------------------------------------------------------------------------------------------------------------------------------+
; data_in    ; Input  ; Warning  ; Input port expression (4 bits) is smaller than the input port (32 bits) it drives.  Extra input bit(s) "data_in[31..4]" will be connected to GND. ;
; out_enable ; Input  ; Info     ; Stuck at VCC                                                                                                                                      ;
; data_out   ; Output ; Warning  ; Output or bidir port (32 bits) is wider than the port expression (4 bits) it drives; bit(s) "data_out[31..4]" have no fanouts                     ;
+------------+--------+----------+---------------------------------------------------------------------------------------------------------------------------------------------------+


+------------------------------------------------------------------------+
; Port Connectivity Checks: "banco_registradores:registers|register:MAR" ;
+------------+-------+----------+----------------------------------------+
; Port       ; Type  ; Severity ; Details                                ;
+------------+-------+----------+----------------------------------------+
; out_enable ; Input ; Info     ; Stuck at VCC                           ;
+------------+-------+----------+----------------------------------------+


+--------------------------------------------------------------------------------------------------------------------+
; Port Connectivity Checks: "banco_registradores:registers|decod4_16:decod"                                          ;
+----------+--------+----------+-------------------------------------------------------------------------------------+
; Port     ; Type   ; Severity ; Details                                                                             ;
+----------+--------+----------+-------------------------------------------------------------------------------------+
; s[15..9] ; Output ; Info     ; Connected to dangling logic. Logic that only feeds a dangling port will be removed. ;
; s[3..2]  ; Output ; Info     ; Connected to dangling logic. Logic that only feeds a dangling port will be removed. ;
; s[0]     ; Output ; Info     ; Connected to dangling logic. Logic that only feeds a dangling port will be removed. ;
+----------+--------+----------+-------------------------------------------------------------------------------------+


+-----------------------------------------------------+
; Post-Synthesis Netlist Statistics for Top Partition ;
+-----------------------+-----------------------------+
; Type                  ; Count                       ;
+-----------------------+-----------------------------+
; boundary_port         ; 157                         ;
; cycloneiii_ff         ; 135                         ;
;     ENA               ; 102                         ;
;     plain             ; 33                          ;
; cycloneiii_io_obuf    ; 32                          ;
; cycloneiii_lcell_comb ; 549                         ;
;     arith             ; 63                          ;
;         2 data inputs ; 1                           ;
;         3 data inputs ; 62                          ;
;     normal            ; 486                         ;
;         2 data inputs ; 38                          ;
;         3 data inputs ; 91                          ;
;         4 data inputs ; 357                         ;
; cycloneiii_ram_block  ; 32                          ;
;                       ;                             ;
; Max LUT depth         ; 10.50                       ;
; Average LUT depth     ; 6.72                        ;
+-----------------------+-----------------------------+


+-------------------------------+
; Elapsed Time Per Partition    ;
+----------------+--------------+
; Partition Name ; Elapsed Time ;
+----------------+--------------+
; Top            ; 00:00:02     ;
+----------------+--------------+


+-------------------------------+
; Analysis & Synthesis Messages ;
+-------------------------------+
Info: *******************************************************************
Info: Running Quartus Prime Analysis & Synthesis
    Info: Version 21.1.1 Build 850 06/23/2022 SJ Lite Edition
    Info: Processing started: Thu Nov 10 19:05:03 2022
Info: Command: quartus_map --read_settings_files=on --write_settings_files=off processador -c processador
Warning (18236): Number of processors has not been specified which may cause overloading on shared machines.  Set the global assignment NUM_PARALLEL_PROCESSORS in your QSF to an appropriate value for best performance.
Info (20030): Parallel compilation is enabled and will use 4 of the 4 processors detected
Info (12021): Found 1 design units, including 1 entities, in source file ula.v
    Info (12023): Found entity 1: ula File: C:/Users/felip/Desktop/Facul/Repositorio_processador/processador/ula.v Line: 1
Info (12021): Found 1 design units, including 1 entities, in source file banco_registradores.v
    Info (12023): Found entity 1: banco_registradores File: C:/Users/felip/Desktop/Facul/Repositorio_processador/processador/banco_registradores.v Line: 1
Info (12021): Found 1 design units, including 1 entities, in source file cpu.v
    Info (12023): Found entity 1: cpu File: C:/Users/felip/Desktop/Facul/Repositorio_processador/processador/cpu.v Line: 1
Info (12021): Found 1 design units, including 1 entities, in source file decod4_16.v
    Info (12023): Found entity 1: decod4_16 File: C:/Users/felip/Desktop/Facul/Repositorio_processador/processador/decod4_16.v Line: 1
Info (12021): Found 1 design units, including 1 entities, in source file register.v
    Info (12023): Found entity 1: register File: C:/Users/felip/Desktop/Facul/Repositorio_processador/processador/register.v Line: 1
Info (12021): Found 1 design units, including 1 entities, in source file shifter.v
    Info (12023): Found entity 1: shifter File: C:/Users/felip/Desktop/Facul/Repositorio_processador/processador/shifter.v Line: 1
Info (12021): Found 1 design units, including 1 entities, in source file ram.v
    Info (12023): Found entity 1: ram File: C:/Users/felip/Desktop/Facul/Repositorio_processador/processador/ram.v Line: 1
Info (12021): Found 1 design units, including 1 entities, in source file cpu_tb.v
    Info (12023): Found entity 1: cpu_tb File: C:/Users/felip/Desktop/Facul/Repositorio_processador/processador/cpu_tb.v Line: 3
Info (12127): Elaborating entity "cpu" for the top level hierarchy
Warning (10235): Verilog HDL Always Construct warning at cpu.v(58): variable "c_bus" is read inside the Always Construct but isn't in the Always Construct's Event Control File: C:/Users/felip/Desktop/Facul/Repositorio_processador/processador/cpu.v Line: 58
Warning (10235): Verilog HDL Always Construct warning at cpu.v(59): variable "b_bus" is read inside the Always Construct but isn't in the Always Construct's Event Control File: C:/Users/felip/Desktop/Facul/Repositorio_processador/processador/cpu.v Line: 59
Warning (10235): Verilog HDL Always Construct warning at cpu.v(60): variable "ram_data_read" is read inside the Always Construct but isn't in the Always Construct's Event Control File: C:/Users/felip/Desktop/Facul/Repositorio_processador/processador/cpu.v Line: 60
Warning (10235): Verilog HDL Always Construct warning at cpu.v(61): variable "ram_data_write" is read inside the Always Construct but isn't in the Always Construct's Event Control File: C:/Users/felip/Desktop/Facul/Repositorio_processador/processador/cpu.v Line: 61
Info (12128): Elaborating entity "banco_registradores" for hierarchy "banco_registradores:registers" File: C:/Users/felip/Desktop/Facul/Repositorio_processador/processador/cpu.v Line: 31
Info (12128): Elaborating entity "decod4_16" for hierarchy "banco_registradores:registers|decod4_16:decod" File: C:/Users/felip/Desktop/Facul/Repositorio_processador/processador/banco_registradores.v Line: 22
Info (12128): Elaborating entity "register" for hierarchy "banco_registradores:registers|register:MAR" File: C:/Users/felip/Desktop/Facul/Repositorio_processador/processador/banco_registradores.v Line: 30
Info (12128): Elaborating entity "ram" for hierarchy "ram:ram_mem" File: C:/Users/felip/Desktop/Facul/Repositorio_processador/processador/cpu.v Line: 41
Info (12128): Elaborating entity "ula" for hierarchy "ula:alu" File: C:/Users/felip/Desktop/Facul/Repositorio_processador/processador/cpu.v Line: 48
Info (12128): Elaborating entity "shifter" for hierarchy "shifter:shifter" File: C:/Users/felip/Desktop/Facul/Repositorio_processador/processador/cpu.v Line: 54
Info (10264): Verilog HDL Case Statement information at shifter.v(9): all case item expressions in this case statement are onehot File: C:/Users/felip/Desktop/Facul/Repositorio_processador/processador/shifter.v Line: 9
Warning (13046): Tri-state node(s) do not directly drive top-level pin(s)
    Warning (13049): Converted tri-state buffer "banco_registradores:registers|register:H|data_out[0]" feeding internal logic into a wire File: C:/Users/felip/Desktop/Facul/Repositorio_processador/processador/register.v Line: 7
    Warning (13049): Converted tri-state buffer "banco_registradores:registers|register:H|data_out[1]" feeding internal logic into a wire File: C:/Users/felip/Desktop/Facul/Repositorio_processador/processador/register.v Line: 7
    Warning (13049): Converted tri-state buffer "banco_registradores:registers|register:H|data_out[2]" feeding internal logic into a wire File: C:/Users/felip/Desktop/Facul/Repositorio_processador/processador/register.v Line: 7
    Warning (13049): Converted tri-state buffer "banco_registradores:registers|register:H|data_out[3]" feeding internal logic into a wire File: C:/Users/felip/Desktop/Facul/Repositorio_processador/processador/register.v Line: 7
    Warning (13049): Converted tri-state buffer "banco_registradores:registers|register:H|data_out[4]" feeding internal logic into a wire File: C:/Users/felip/Desktop/Facul/Repositorio_processador/processador/register.v Line: 7
    Warning (13049): Converted tri-state buffer "banco_registradores:registers|register:H|data_out[5]" feeding internal logic into a wire File: C:/Users/felip/Desktop/Facul/Repositorio_processador/processador/register.v Line: 7
    Warning (13049): Converted tri-state buffer "banco_registradores:registers|register:H|data_out[6]" feeding internal logic into a wire File: C:/Users/felip/Desktop/Facul/Repositorio_processador/processador/register.v Line: 7
    Warning (13049): Converted tri-state buffer "banco_registradores:registers|register:H|data_out[7]" feeding internal logic into a wire File: C:/Users/felip/Desktop/Facul/Repositorio_processador/processador/register.v Line: 7
    Warning (13049): Converted tri-state buffer "banco_registradores:registers|register:H|data_out[8]" feeding internal logic into a wire File: C:/Users/felip/Desktop/Facul/Repositorio_processador/processador/register.v Line: 7
    Warning (13049): Converted tri-state buffer "banco_registradores:registers|register:H|data_out[9]" feeding internal logic into a wire File: C:/Users/felip/Desktop/Facul/Repositorio_processador/processador/register.v Line: 7
    Warning (13049): Converted tri-state buffer "banco_registradores:registers|register:H|data_out[10]" feeding internal logic into a wire File: C:/Users/felip/Desktop/Facul/Repositorio_processador/processador/register.v Line: 7
    Warning (13049): Converted tri-state buffer "banco_registradores:registers|register:H|data_out[11]" feeding internal logic into a wire File: C:/Users/felip/Desktop/Facul/Repositorio_processador/processador/register.v Line: 7
    Warning (13049): Converted tri-state buffer "banco_registradores:registers|register:H|data_out[12]" feeding internal logic into a wire File: C:/Users/felip/Desktop/Facul/Repositorio_processador/processador/register.v Line: 7
    Warning (13049): Converted tri-state buffer "banco_registradores:registers|register:H|data_out[13]" feeding internal logic into a wire File: C:/Users/felip/Desktop/Facul/Repositorio_processador/processador/register.v Line: 7
    Warning (13049): Converted tri-state buffer "banco_registradores:registers|register:H|data_out[14]" feeding internal logic into a wire File: C:/Users/felip/Desktop/Facul/Repositorio_processador/processador/register.v Line: 7
    Warning (13049): Converted tri-state buffer "banco_registradores:registers|register:H|data_out[15]" feeding internal logic into a wire File: C:/Users/felip/Desktop/Facul/Repositorio_processador/processador/register.v Line: 7
    Warning (13049): Converted tri-state buffer "banco_registradores:registers|register:H|data_out[16]" feeding internal logic into a wire File: C:/Users/felip/Desktop/Facul/Repositorio_processador/processador/register.v Line: 7
    Warning (13049): Converted tri-state buffer "banco_registradores:registers|register:H|data_out[17]" feeding internal logic into a wire File: C:/Users/felip/Desktop/Facul/Repositorio_processador/processador/register.v Line: 7
    Warning (13049): Converted tri-state buffer "banco_registradores:registers|register:H|data_out[18]" feeding internal logic into a wire File: C:/Users/felip/Desktop/Facul/Repositorio_processador/processador/register.v Line: 7
    Warning (13049): Converted tri-state buffer "banco_registradores:registers|register:H|data_out[19]" feeding internal logic into a wire File: C:/Users/felip/Desktop/Facul/Repositorio_processador/processador/register.v Line: 7
    Warning (13049): Converted tri-state buffer "banco_registradores:registers|register:H|data_out[20]" feeding internal logic into a wire File: C:/Users/felip/Desktop/Facul/Repositorio_processador/processador/register.v Line: 7
    Warning (13049): Converted tri-state buffer "banco_registradores:registers|register:H|data_out[21]" feeding internal logic into a wire File: C:/Users/felip/Desktop/Facul/Repositorio_processador/processador/register.v Line: 7
    Warning (13049): Converted tri-state buffer "banco_registradores:registers|register:H|data_out[22]" feeding internal logic into a wire File: C:/Users/felip/Desktop/Facul/Repositorio_processador/processador/register.v Line: 7
    Warning (13049): Converted tri-state buffer "banco_registradores:registers|register:H|data_out[23]" feeding internal logic into a wire File: C:/Users/felip/Desktop/Facul/Repositorio_processador/processador/register.v Line: 7
    Warning (13049): Converted tri-state buffer "banco_registradores:registers|register:H|data_out[24]" feeding internal logic into a wire File: C:/Users/felip/Desktop/Facul/Repositorio_processador/processador/register.v Line: 7
    Warning (13049): Converted tri-state buffer "banco_registradores:registers|register:H|data_out[25]" feeding internal logic into a wire File: C:/Users/felip/Desktop/Facul/Repositorio_processador/processador/register.v Line: 7
    Warning (13049): Converted tri-state buffer "banco_registradores:registers|register:H|data_out[26]" feeding internal logic into a wire File: C:/Users/felip/Desktop/Facul/Repositorio_processador/processador/register.v Line: 7
    Warning (13049): Converted tri-state buffer "banco_registradores:registers|register:H|data_out[27]" feeding internal logic into a wire File: C:/Users/felip/Desktop/Facul/Repositorio_processador/processador/register.v Line: 7
    Warning (13049): Converted tri-state buffer "banco_registradores:registers|register:H|data_out[28]" feeding internal logic into a wire File: C:/Users/felip/Desktop/Facul/Repositorio_processador/processador/register.v Line: 7
    Warning (13049): Converted tri-state buffer "banco_registradores:registers|register:H|data_out[29]" feeding internal logic into a wire File: C:/Users/felip/Desktop/Facul/Repositorio_processador/processador/register.v Line: 7
    Warning (13049): Converted tri-state buffer "banco_registradores:registers|register:H|data_out[30]" feeding internal logic into a wire File: C:/Users/felip/Desktop/Facul/Repositorio_processador/processador/register.v Line: 7
    Warning (13049): Converted tri-state buffer "banco_registradores:registers|register:H|data_out[31]" feeding internal logic into a wire File: C:/Users/felip/Desktop/Facul/Repositorio_processador/processador/register.v Line: 7
    Warning (13049): Converted tri-state buffer "banco_registradores:registers|register:MBR|data_out[0]" feeding internal logic into a wire File: C:/Users/felip/Desktop/Facul/Repositorio_processador/processador/register.v Line: 7
    Warning (13049): Converted tri-state buffer "banco_registradores:registers|register:MBR|data_out[1]" feeding internal logic into a wire File: C:/Users/felip/Desktop/Facul/Repositorio_processador/processador/register.v Line: 7
    Warning (13049): Converted tri-state buffer "banco_registradores:registers|register:PC|data_out[0]" feeding internal logic into a wire File: C:/Users/felip/Desktop/Facul/Repositorio_processador/processador/register.v Line: 7
    Warning (13049): Converted tri-state buffer "banco_registradores:registers|register:PC|data_out[1]" feeding internal logic into a wire File: C:/Users/felip/Desktop/Facul/Repositorio_processador/processador/register.v Line: 7
    Warning (13049): Converted tri-state buffer "banco_registradores:registers|register:PC|data_out[2]" feeding internal logic into a wire File: C:/Users/felip/Desktop/Facul/Repositorio_processador/processador/register.v Line: 7
    Warning (13049): Converted tri-state buffer "banco_registradores:registers|register:PC|data_out[3]" feeding internal logic into a wire File: C:/Users/felip/Desktop/Facul/Repositorio_processador/processador/register.v Line: 7
Warning (276027): Inferred dual-clock RAM node "ram:ram_mem|memory_rtl_0" from synchronous design logic.  The read-during-write behavior of a dual-clock RAM is undefined and may not match the behavior of the original design.
Info (19000): Inferred 1 megafunctions from design logic
    Info (276029): Inferred altsyncram megafunction from the following design logic: "ram:ram_mem|memory_rtl_0" 
        Info (286033): Parameter OPERATION_MODE set to DUAL_PORT
        Info (286033): Parameter WIDTH_A set to 32
        Info (286033): Parameter WIDTHAD_A set to 4
        Info (286033): Parameter NUMWORDS_A set to 16
        Info (286033): Parameter WIDTH_B set to 32
        Info (286033): Parameter WIDTHAD_B set to 4
        Info (286033): Parameter NUMWORDS_B set to 16
        Info (286033): Parameter ADDRESS_ACLR_A set to NONE
        Info (286033): Parameter OUTDATA_REG_B set to UNREGISTERED
        Info (286033): Parameter ADDRESS_ACLR_B set to NONE
        Info (286033): Parameter OUTDATA_ACLR_B set to NONE
        Info (286033): Parameter ADDRESS_REG_B set to CLOCK1
        Info (286033): Parameter INDATA_ACLR_A set to NONE
        Info (286033): Parameter WRCONTROL_ACLR_A set to NONE
Info (12130): Elaborated megafunction instantiation "ram:ram_mem|altsyncram:memory_rtl_0"
Info (12133): Instantiated megafunction "ram:ram_mem|altsyncram:memory_rtl_0" with the following parameter:
    Info (12134): Parameter "OPERATION_MODE" = "DUAL_PORT"
    Info (12134): Parameter "WIDTH_A" = "32"
    Info (12134): Parameter "WIDTHAD_A" = "4"
    Info (12134): Parameter "NUMWORDS_A" = "16"
    Info (12134): Parameter "WIDTH_B" = "32"
    Info (12134): Parameter "WIDTHAD_B" = "4"
    Info (12134): Parameter "NUMWORDS_B" = "16"
    Info (12134): Parameter "ADDRESS_ACLR_A" = "NONE"
    Info (12134): Parameter "OUTDATA_REG_B" = "UNREGISTERED"
    Info (12134): Parameter "ADDRESS_ACLR_B" = "NONE"
    Info (12134): Parameter "OUTDATA_ACLR_B" = "NONE"
    Info (12134): Parameter "ADDRESS_REG_B" = "CLOCK1"
    Info (12134): Parameter "INDATA_ACLR_A" = "NONE"
    Info (12134): Parameter "WRCONTROL_ACLR_A" = "NONE"
Info (12021): Found 1 design units, including 1 entities, in source file db/altsyncram_tee1.tdf
    Info (12023): Found entity 1: altsyncram_tee1 File: C:/Users/felip/Desktop/Facul/Repositorio_processador/processador/db/altsyncram_tee1.tdf Line: 28
Warning (12241): 2 hierarchies have connectivity warnings - see the Connectivity Checks report folder
Warning (13044): Always-enabled tri-state buffer(s) removed
    Warning (13045): Converted the fanout from the always-enabled tri-state buffer "banco_registradores:registers|register:MAR|data_out[0]" to the node "out_ram_write[0]" into a wire File: C:/Users/felip/Desktop/Facul/Repositorio_processador/processador/register.v Line: 7
    Warning (13045): Converted the fanout from the always-enabled tri-state buffer "banco_registradores:registers|register:MAR|data_out[1]" to the node "out_ram_write[1]" into a wire File: C:/Users/felip/Desktop/Facul/Repositorio_processador/processador/register.v Line: 7
    Warning (13045): Converted the fanout from the always-enabled tri-state buffer "banco_registradores:registers|register:MAR|data_out[2]" to the node "out_ram_write[2]" into a wire File: C:/Users/felip/Desktop/Facul/Repositorio_processador/processador/register.v Line: 7
    Warning (13045): Converted the fanout from the always-enabled tri-state buffer "banco_registradores:registers|register:MAR|data_out[3]" to the node "out_ram_write[3]" into a wire File: C:/Users/felip/Desktop/Facul/Repositorio_processador/processador/register.v Line: 7
    Warning (13045): Converted the fanout from the always-enabled tri-state buffer "banco_registradores:registers|register:MAR|data_out[4]" to the node "out_ram_write[4]" into a wire File: C:/Users/felip/Desktop/Facul/Repositorio_processador/processador/register.v Line: 7
    Warning (13045): Converted the fanout from the always-enabled tri-state buffer "banco_registradores:registers|register:MAR|data_out[5]" to the node "out_ram_write[5]" into a wire File: C:/Users/felip/Desktop/Facul/Repositorio_processador/processador/register.v Line: 7
    Warning (13045): Converted the fanout from the always-enabled tri-state buffer "banco_registradores:registers|register:MAR|data_out[6]" to the node "out_ram_write[6]" into a wire File: C:/Users/felip/Desktop/Facul/Repositorio_processador/processador/register.v Line: 7
    Warning (13045): Converted the fanout from the always-enabled tri-state buffer "banco_registradores:registers|register:MAR|data_out[7]" to the node "out_ram_write[7]" into a wire File: C:/Users/felip/Desktop/Facul/Repositorio_processador/processador/register.v Line: 7
    Warning (13045): Converted the fanout from the always-enabled tri-state buffer "banco_registradores:registers|register:MAR|data_out[8]" to the node "out_ram_write[8]" into a wire File: C:/Users/felip/Desktop/Facul/Repositorio_processador/processador/register.v Line: 7
    Warning (13045): Converted the fanout from the always-enabled tri-state buffer "banco_registradores:registers|register:MAR|data_out[9]" to the node "out_ram_write[9]" into a wire File: C:/Users/felip/Desktop/Facul/Repositorio_processador/processador/register.v Line: 7
    Warning (13045): Converted the fanout from the always-enabled tri-state buffer "banco_registradores:registers|register:MAR|data_out[10]" to the node "out_ram_write[10]" into a wire File: C:/Users/felip/Desktop/Facul/Repositorio_processador/processador/register.v Line: 7
    Warning (13045): Converted the fanout from the always-enabled tri-state buffer "banco_registradores:registers|register:MAR|data_out[11]" to the node "out_ram_write[11]" into a wire File: C:/Users/felip/Desktop/Facul/Repositorio_processador/processador/register.v Line: 7
    Warning (13045): Converted the fanout from the always-enabled tri-state buffer "banco_registradores:registers|register:MAR|data_out[12]" to the node "out_ram_write[12]" into a wire File: C:/Users/felip/Desktop/Facul/Repositorio_processador/processador/register.v Line: 7
    Warning (13045): Converted the fanout from the always-enabled tri-state buffer "banco_registradores:registers|register:MAR|data_out[13]" to the node "out_ram_write[13]" into a wire File: C:/Users/felip/Desktop/Facul/Repositorio_processador/processador/register.v Line: 7
    Warning (13045): Converted the fanout from the always-enabled tri-state buffer "banco_registradores:registers|register:MAR|data_out[14]" to the node "out_ram_write[14]" into a wire File: C:/Users/felip/Desktop/Facul/Repositorio_processador/processador/register.v Line: 7
    Warning (13045): Converted the fanout from the always-enabled tri-state buffer "banco_registradores:registers|register:MAR|data_out[15]" to the node "out_ram_write[15]" into a wire File: C:/Users/felip/Desktop/Facul/Repositorio_processador/processador/register.v Line: 7
    Warning (13045): Converted the fanout from the always-enabled tri-state buffer "banco_registradores:registers|register:MAR|data_out[16]" to the node "out_ram_write[16]" into a wire File: C:/Users/felip/Desktop/Facul/Repositorio_processador/processador/register.v Line: 7
    Warning (13045): Converted the fanout from the always-enabled tri-state buffer "banco_registradores:registers|register:MAR|data_out[17]" to the node "out_ram_write[17]" into a wire File: C:/Users/felip/Desktop/Facul/Repositorio_processador/processador/register.v Line: 7
    Warning (13045): Converted the fanout from the always-enabled tri-state buffer "banco_registradores:registers|register:MAR|data_out[18]" to the node "out_ram_write[18]" into a wire File: C:/Users/felip/Desktop/Facul/Repositorio_processador/processador/register.v Line: 7
    Warning (13045): Converted the fanout from the always-enabled tri-state buffer "banco_registradores:registers|register:MAR|data_out[19]" to the node "out_ram_write[19]" into a wire File: C:/Users/felip/Desktop/Facul/Repositorio_processador/processador/register.v Line: 7
    Warning (13045): Converted the fanout from the always-enabled tri-state buffer "banco_registradores:registers|register:MAR|data_out[20]" to the node "out_ram_write[20]" into a wire File: C:/Users/felip/Desktop/Facul/Repositorio_processador/processador/register.v Line: 7
    Warning (13045): Converted the fanout from the always-enabled tri-state buffer "banco_registradores:registers|register:MAR|data_out[21]" to the node "out_ram_write[21]" into a wire File: C:/Users/felip/Desktop/Facul/Repositorio_processador/processador/register.v Line: 7
    Warning (13045): Converted the fanout from the always-enabled tri-state buffer "banco_registradores:registers|register:MAR|data_out[22]" to the node "out_ram_write[22]" into a wire File: C:/Users/felip/Desktop/Facul/Repositorio_processador/processador/register.v Line: 7
    Warning (13045): Converted the fanout from the always-enabled tri-state buffer "banco_registradores:registers|register:MAR|data_out[23]" to the node "out_ram_write[23]" into a wire File: C:/Users/felip/Desktop/Facul/Repositorio_processador/processador/register.v Line: 7
    Warning (13045): Converted the fanout from the always-enabled tri-state buffer "banco_registradores:registers|register:MAR|data_out[24]" to the node "out_ram_write[24]" into a wire File: C:/Users/felip/Desktop/Facul/Repositorio_processador/processador/register.v Line: 7
    Warning (13045): Converted the fanout from the always-enabled tri-state buffer "banco_registradores:registers|register:MAR|data_out[25]" to the node "out_ram_write[25]" into a wire File: C:/Users/felip/Desktop/Facul/Repositorio_processador/processador/register.v Line: 7
    Warning (13045): Converted the fanout from the always-enabled tri-state buffer "banco_registradores:registers|register:MAR|data_out[26]" to the node "out_ram_write[26]" into a wire File: C:/Users/felip/Desktop/Facul/Repositorio_processador/processador/register.v Line: 7
    Warning (13045): Converted the fanout from the always-enabled tri-state buffer "banco_registradores:registers|register:MAR|data_out[27]" to the node "out_ram_write[27]" into a wire File: C:/Users/felip/Desktop/Facul/Repositorio_processador/processador/register.v Line: 7
    Warning (13045): Converted the fanout from the always-enabled tri-state buffer "banco_registradores:registers|register:MAR|data_out[28]" to the node "out_ram_write[28]" into a wire File: C:/Users/felip/Desktop/Facul/Repositorio_processador/processador/register.v Line: 7
    Warning (13045): Converted the fanout from the always-enabled tri-state buffer "banco_registradores:registers|register:MAR|data_out[29]" to the node "out_ram_write[29]" into a wire File: C:/Users/felip/Desktop/Facul/Repositorio_processador/processador/register.v Line: 7
    Warning (13045): Converted the fanout from the always-enabled tri-state buffer "banco_registradores:registers|register:MAR|data_out[30]" to the node "out_ram_write[30]" into a wire File: C:/Users/felip/Desktop/Facul/Repositorio_processador/processador/register.v Line: 7
    Warning (13045): Converted the fanout from the always-enabled tri-state buffer "banco_registradores:registers|register:MAR|data_out[31]" to the node "out_ram_write[31]" into a wire File: C:/Users/felip/Desktop/Facul/Repositorio_processador/processador/register.v Line: 7
    Warning (13045): Converted the fanout from the always-enabled tri-state buffer "banco_registradores:registers|register:MAR|data_out[0]" to the node "ram:ram_mem|altsyncram:memory_rtl_0|altsyncram_tee1:auto_generated|ram_block1a0" into a wire File: C:/Users/felip/Desktop/Facul/Repositorio_processador/processador/register.v Line: 7
    Warning (13045): Converted the fanout from the always-enabled tri-state buffer "banco_registradores:registers|register:MAR|data_out[1]" to the node "ram:ram_mem|altsyncram:memory_rtl_0|altsyncram_tee1:auto_generated|ram_block1a1" into a wire File: C:/Users/felip/Desktop/Facul/Repositorio_processador/processador/register.v Line: 7
    Warning (13045): Converted the fanout from the always-enabled tri-state buffer "banco_registradores:registers|register:MAR|data_out[2]" to the node "ram:ram_mem|altsyncram:memory_rtl_0|altsyncram_tee1:auto_generated|ram_block1a2" into a wire File: C:/Users/felip/Desktop/Facul/Repositorio_processador/processador/register.v Line: 7
    Warning (13045): Converted the fanout from the always-enabled tri-state buffer "banco_registradores:registers|register:MAR|data_out[3]" to the node "ram:ram_mem|altsyncram:memory_rtl_0|altsyncram_tee1:auto_generated|ram_block1a3" into a wire File: C:/Users/felip/Desktop/Facul/Repositorio_processador/processador/register.v Line: 7
    Warning (13045): Converted the fanout from the always-enabled tri-state buffer "banco_registradores:registers|register:MAR|data_out[4]" to the node "ram:ram_mem|altsyncram:memory_rtl_0|altsyncram_tee1:auto_generated|ram_block1a4" into a wire File: C:/Users/felip/Desktop/Facul/Repositorio_processador/processador/register.v Line: 7
    Warning (13045): Converted the fanout from the always-enabled tri-state buffer "banco_registradores:registers|register:MAR|data_out[5]" to the node "ram:ram_mem|altsyncram:memory_rtl_0|altsyncram_tee1:auto_generated|ram_block1a5" into a wire File: C:/Users/felip/Desktop/Facul/Repositorio_processador/processador/register.v Line: 7
    Warning (13045): Converted the fanout from the always-enabled tri-state buffer "banco_registradores:registers|register:MAR|data_out[6]" to the node "ram:ram_mem|altsyncram:memory_rtl_0|altsyncram_tee1:auto_generated|ram_block1a6" into a wire File: C:/Users/felip/Desktop/Facul/Repositorio_processador/processador/register.v Line: 7
    Warning (13045): Converted the fanout from the always-enabled tri-state buffer "banco_registradores:registers|register:MAR|data_out[7]" to the node "ram:ram_mem|altsyncram:memory_rtl_0|altsyncram_tee1:auto_generated|ram_block1a7" into a wire File: C:/Users/felip/Desktop/Facul/Repositorio_processador/processador/register.v Line: 7
    Warning (13045): Converted the fanout from the always-enabled tri-state buffer "banco_registradores:registers|register:MAR|data_out[8]" to the node "ram:ram_mem|altsyncram:memory_rtl_0|altsyncram_tee1:auto_generated|ram_block1a8" into a wire File: C:/Users/felip/Desktop/Facul/Repositorio_processador/processador/register.v Line: 7
    Warning (13045): Converted the fanout from the always-enabled tri-state buffer "banco_registradores:registers|register:MAR|data_out[9]" to the node "ram:ram_mem|altsyncram:memory_rtl_0|altsyncram_tee1:auto_generated|ram_block1a9" into a wire File: C:/Users/felip/Desktop/Facul/Repositorio_processador/processador/register.v Line: 7
    Warning (13045): Converted the fanout from the always-enabled tri-state buffer "banco_registradores:registers|register:MAR|data_out[10]" to the node "ram:ram_mem|altsyncram:memory_rtl_0|altsyncram_tee1:auto_generated|ram_block1a10" into a wire File: C:/Users/felip/Desktop/Facul/Repositorio_processador/processador/register.v Line: 7
    Warning (13045): Converted the fanout from the always-enabled tri-state buffer "banco_registradores:registers|register:MAR|data_out[11]" to the node "ram:ram_mem|altsyncram:memory_rtl_0|altsyncram_tee1:auto_generated|ram_block1a11" into a wire File: C:/Users/felip/Desktop/Facul/Repositorio_processador/processador/register.v Line: 7
    Warning (13045): Converted the fanout from the always-enabled tri-state buffer "banco_registradores:registers|register:MAR|data_out[12]" to the node "ram:ram_mem|altsyncram:memory_rtl_0|altsyncram_tee1:auto_generated|ram_block1a12" into a wire File: C:/Users/felip/Desktop/Facul/Repositorio_processador/processador/register.v Line: 7
    Warning (13045): Converted the fanout from the always-enabled tri-state buffer "banco_registradores:registers|register:MAR|data_out[13]" to the node "ram:ram_mem|altsyncram:memory_rtl_0|altsyncram_tee1:auto_generated|ram_block1a13" into a wire File: C:/Users/felip/Desktop/Facul/Repositorio_processador/processador/register.v Line: 7
    Warning (13045): Converted the fanout from the always-enabled tri-state buffer "banco_registradores:registers|register:MAR|data_out[14]" to the node "ram:ram_mem|altsyncram:memory_rtl_0|altsyncram_tee1:auto_generated|ram_block1a14" into a wire File: C:/Users/felip/Desktop/Facul/Repositorio_processador/processador/register.v Line: 7
    Warning (13045): Converted the fanout from the always-enabled tri-state buffer "banco_registradores:registers|register:MAR|data_out[15]" to the node "ram:ram_mem|altsyncram:memory_rtl_0|altsyncram_tee1:auto_generated|ram_block1a15" into a wire File: C:/Users/felip/Desktop/Facul/Repositorio_processador/processador/register.v Line: 7
    Warning (13045): Converted the fanout from the always-enabled tri-state buffer "banco_registradores:registers|register:MAR|data_out[16]" to the node "ram:ram_mem|altsyncram:memory_rtl_0|altsyncram_tee1:auto_generated|ram_block1a16" into a wire File: C:/Users/felip/Desktop/Facul/Repositorio_processador/processador/register.v Line: 7
    Warning (13045): Converted the fanout from the always-enabled tri-state buffer "banco_registradores:registers|register:MAR|data_out[17]" to the node "ram:ram_mem|altsyncram:memory_rtl_0|altsyncram_tee1:auto_generated|ram_block1a17" into a wire File: C:/Users/felip/Desktop/Facul/Repositorio_processador/processador/register.v Line: 7
    Warning (13045): Converted the fanout from the always-enabled tri-state buffer "banco_registradores:registers|register:MAR|data_out[18]" to the node "ram:ram_mem|altsyncram:memory_rtl_0|altsyncram_tee1:auto_generated|ram_block1a18" into a wire File: C:/Users/felip/Desktop/Facul/Repositorio_processador/processador/register.v Line: 7
    Warning (13045): Converted the fanout from the always-enabled tri-state buffer "banco_registradores:registers|register:MAR|data_out[19]" to the node "ram:ram_mem|altsyncram:memory_rtl_0|altsyncram_tee1:auto_generated|ram_block1a19" into a wire File: C:/Users/felip/Desktop/Facul/Repositorio_processador/processador/register.v Line: 7
    Warning (13045): Converted the fanout from the always-enabled tri-state buffer "banco_registradores:registers|register:MAR|data_out[20]" to the node "ram:ram_mem|altsyncram:memory_rtl_0|altsyncram_tee1:auto_generated|ram_block1a20" into a wire File: C:/Users/felip/Desktop/Facul/Repositorio_processador/processador/register.v Line: 7
    Warning (13045): Converted the fanout from the always-enabled tri-state buffer "banco_registradores:registers|register:MAR|data_out[21]" to the node "ram:ram_mem|altsyncram:memory_rtl_0|altsyncram_tee1:auto_generated|ram_block1a21" into a wire File: C:/Users/felip/Desktop/Facul/Repositorio_processador/processador/register.v Line: 7
    Warning (13045): Converted the fanout from the always-enabled tri-state buffer "banco_registradores:registers|register:MAR|data_out[22]" to the node "ram:ram_mem|altsyncram:memory_rtl_0|altsyncram_tee1:auto_generated|ram_block1a22" into a wire File: C:/Users/felip/Desktop/Facul/Repositorio_processador/processador/register.v Line: 7
    Warning (13045): Converted the fanout from the always-enabled tri-state buffer "banco_registradores:registers|register:MAR|data_out[23]" to the node "ram:ram_mem|altsyncram:memory_rtl_0|altsyncram_tee1:auto_generated|ram_block1a23" into a wire File: C:/Users/felip/Desktop/Facul/Repositorio_processador/processador/register.v Line: 7
    Warning (13045): Converted the fanout from the always-enabled tri-state buffer "banco_registradores:registers|register:MAR|data_out[24]" to the node "ram:ram_mem|altsyncram:memory_rtl_0|altsyncram_tee1:auto_generated|ram_block1a24" into a wire File: C:/Users/felip/Desktop/Facul/Repositorio_processador/processador/register.v Line: 7
    Warning (13045): Converted the fanout from the always-enabled tri-state buffer "banco_registradores:registers|register:MAR|data_out[25]" to the node "ram:ram_mem|altsyncram:memory_rtl_0|altsyncram_tee1:auto_generated|ram_block1a25" into a wire File: C:/Users/felip/Desktop/Facul/Repositorio_processador/processador/register.v Line: 7
    Warning (13045): Converted the fanout from the always-enabled tri-state buffer "banco_registradores:registers|register:MAR|data_out[26]" to the node "ram:ram_mem|altsyncram:memory_rtl_0|altsyncram_tee1:auto_generated|ram_block1a26" into a wire File: C:/Users/felip/Desktop/Facul/Repositorio_processador/processador/register.v Line: 7
    Warning (13045): Converted the fanout from the always-enabled tri-state buffer "banco_registradores:registers|register:MAR|data_out[27]" to the node "ram:ram_mem|altsyncram:memory_rtl_0|altsyncram_tee1:auto_generated|ram_block1a27" into a wire File: C:/Users/felip/Desktop/Facul/Repositorio_processador/processador/register.v Line: 7
    Warning (13045): Converted the fanout from the always-enabled tri-state buffer "banco_registradores:registers|register:MAR|data_out[28]" to the node "ram:ram_mem|altsyncram:memory_rtl_0|altsyncram_tee1:auto_generated|ram_block1a28" into a wire File: C:/Users/felip/Desktop/Facul/Repositorio_processador/processador/register.v Line: 7
    Warning (13045): Converted the fanout from the always-enabled tri-state buffer "banco_registradores:registers|register:MAR|data_out[29]" to the node "ram:ram_mem|altsyncram:memory_rtl_0|altsyncram_tee1:auto_generated|ram_block1a29" into a wire File: C:/Users/felip/Desktop/Facul/Repositorio_processador/processador/register.v Line: 7
    Warning (13045): Converted the fanout from the always-enabled tri-state buffer "banco_registradores:registers|register:MAR|data_out[30]" to the node "ram:ram_mem|altsyncram:memory_rtl_0|altsyncram_tee1:auto_generated|ram_block1a30" into a wire File: C:/Users/felip/Desktop/Facul/Repositorio_processador/processador/register.v Line: 7
    Warning (13045): Converted the fanout from the always-enabled tri-state buffer "banco_registradores:registers|register:MAR|data_out[31]" to the node "ram:ram_mem|altsyncram:memory_rtl_0|altsyncram_tee1:auto_generated|ram_block1a31" into a wire File: C:/Users/felip/Desktop/Facul/Repositorio_processador/processador/register.v Line: 7
Warning (13046): Tri-state node(s) do not directly drive top-level pin(s)
    Warning (13047): Converted the fan-out from the tri-state buffer "banco_registradores:registers|register:MDR|data_out[0]" to the node "ula:alu|data_out" into an OR gate File: C:/Users/felip/Desktop/Facul/Repositorio_processador/processador/register.v Line: 7
    Warning (13047): Converted the fan-out from the tri-state buffer "banco_registradores:registers|register:MDR|data_out[1]" to the node "ula:alu|data_out" into an OR gate File: C:/Users/felip/Desktop/Facul/Repositorio_processador/processador/register.v Line: 7
    Warning (13047): Converted the fan-out from the tri-state buffer "banco_registradores:registers|register:MDR|data_out[2]" to the node "ula:alu|data_out" into an OR gate File: C:/Users/felip/Desktop/Facul/Repositorio_processador/processador/register.v Line: 7
    Warning (13047): Converted the fan-out from the tri-state buffer "banco_registradores:registers|register:MDR|data_out[3]" to the node "ula:alu|data_out" into an OR gate File: C:/Users/felip/Desktop/Facul/Repositorio_processador/processador/register.v Line: 7
    Warning (13047): Converted the fan-out from the tri-state buffer "banco_registradores:registers|register:MDR|data_out[4]" to the node "ula:alu|data_out" into an OR gate File: C:/Users/felip/Desktop/Facul/Repositorio_processador/processador/register.v Line: 7
    Warning (13047): Converted the fan-out from the tri-state buffer "banco_registradores:registers|register:MDR|data_out[5]" to the node "ula:alu|data_out" into an OR gate File: C:/Users/felip/Desktop/Facul/Repositorio_processador/processador/register.v Line: 7
    Warning (13047): Converted the fan-out from the tri-state buffer "banco_registradores:registers|register:MDR|data_out[6]" to the node "ula:alu|data_out" into an OR gate File: C:/Users/felip/Desktop/Facul/Repositorio_processador/processador/register.v Line: 7
    Warning (13047): Converted the fan-out from the tri-state buffer "banco_registradores:registers|register:MDR|data_out[7]" to the node "ula:alu|data_out" into an OR gate File: C:/Users/felip/Desktop/Facul/Repositorio_processador/processador/register.v Line: 7
    Warning (13047): Converted the fan-out from the tri-state buffer "banco_registradores:registers|register:MDR|data_out[8]" to the node "ula:alu|data_out" into an OR gate File: C:/Users/felip/Desktop/Facul/Repositorio_processador/processador/register.v Line: 7
    Warning (13047): Converted the fan-out from the tri-state buffer "banco_registradores:registers|register:MDR|data_out[9]" to the node "ula:alu|data_out" into an OR gate File: C:/Users/felip/Desktop/Facul/Repositorio_processador/processador/register.v Line: 7
    Warning (13047): Converted the fan-out from the tri-state buffer "banco_registradores:registers|register:MDR|data_out[10]" to the node "ula:alu|Add1" into an OR gate File: C:/Users/felip/Desktop/Facul/Repositorio_processador/processador/register.v Line: 7
    Warning (13047): Converted the fan-out from the tri-state buffer "banco_registradores:registers|register:MDR|data_out[11]" to the node "ula:alu|data_out" into an OR gate File: C:/Users/felip/Desktop/Facul/Repositorio_processador/processador/register.v Line: 7
    Warning (13047): Converted the fan-out from the tri-state buffer "banco_registradores:registers|register:MDR|data_out[12]" to the node "ula:alu|Add1" into an OR gate File: C:/Users/felip/Desktop/Facul/Repositorio_processador/processador/register.v Line: 7
    Warning (13047): Converted the fan-out from the tri-state buffer "banco_registradores:registers|register:MDR|data_out[13]" to the node "ula:alu|data_out" into an OR gate File: C:/Users/felip/Desktop/Facul/Repositorio_processador/processador/register.v Line: 7
    Warning (13047): Converted the fan-out from the tri-state buffer "banco_registradores:registers|register:MDR|data_out[14]" to the node "ula:alu|Add1" into an OR gate File: C:/Users/felip/Desktop/Facul/Repositorio_processador/processador/register.v Line: 7
    Warning (13047): Converted the fan-out from the tri-state buffer "banco_registradores:registers|register:MDR|data_out[15]" to the node "ula:alu|data_out" into an OR gate File: C:/Users/felip/Desktop/Facul/Repositorio_processador/processador/register.v Line: 7
    Warning (13047): Converted the fan-out from the tri-state buffer "banco_registradores:registers|register:MDR|data_out[16]" to the node "ula:alu|Add1" into an OR gate File: C:/Users/felip/Desktop/Facul/Repositorio_processador/processador/register.v Line: 7
    Warning (13047): Converted the fan-out from the tri-state buffer "banco_registradores:registers|register:MDR|data_out[17]" to the node "ula:alu|data_out" into an OR gate File: C:/Users/felip/Desktop/Facul/Repositorio_processador/processador/register.v Line: 7
    Warning (13047): Converted the fan-out from the tri-state buffer "banco_registradores:registers|register:MDR|data_out[18]" to the node "ula:alu|Add1" into an OR gate File: C:/Users/felip/Desktop/Facul/Repositorio_processador/processador/register.v Line: 7
    Warning (13047): Converted the fan-out from the tri-state buffer "banco_registradores:registers|register:MDR|data_out[19]" to the node "ula:alu|data_out" into an OR gate File: C:/Users/felip/Desktop/Facul/Repositorio_processador/processador/register.v Line: 7
    Warning (13047): Converted the fan-out from the tri-state buffer "banco_registradores:registers|register:MDR|data_out[20]" to the node "ula:alu|Add1" into an OR gate File: C:/Users/felip/Desktop/Facul/Repositorio_processador/processador/register.v Line: 7
    Warning (13047): Converted the fan-out from the tri-state buffer "banco_registradores:registers|register:MDR|data_out[21]" to the node "ula:alu|data_out" into an OR gate File: C:/Users/felip/Desktop/Facul/Repositorio_processador/processador/register.v Line: 7
    Warning (13047): Converted the fan-out from the tri-state buffer "banco_registradores:registers|register:MDR|data_out[22]" to the node "ula:alu|Add1" into an OR gate File: C:/Users/felip/Desktop/Facul/Repositorio_processador/processador/register.v Line: 7
    Warning (13047): Converted the fan-out from the tri-state buffer "banco_registradores:registers|register:MDR|data_out[23]" to the node "ula:alu|data_out" into an OR gate File: C:/Users/felip/Desktop/Facul/Repositorio_processador/processador/register.v Line: 7
    Warning (13047): Converted the fan-out from the tri-state buffer "banco_registradores:registers|register:MDR|data_out[24]" to the node "ula:alu|Add1" into an OR gate File: C:/Users/felip/Desktop/Facul/Repositorio_processador/processador/register.v Line: 7
    Warning (13047): Converted the fan-out from the tri-state buffer "banco_registradores:registers|register:MDR|data_out[25]" to the node "ula:alu|data_out" into an OR gate File: C:/Users/felip/Desktop/Facul/Repositorio_processador/processador/register.v Line: 7
    Warning (13047): Converted the fan-out from the tri-state buffer "banco_registradores:registers|register:MDR|data_out[26]" to the node "ula:alu|Add1" into an OR gate File: C:/Users/felip/Desktop/Facul/Repositorio_processador/processador/register.v Line: 7
    Warning (13047): Converted the fan-out from the tri-state buffer "banco_registradores:registers|register:MDR|data_out[27]" to the node "ula:alu|data_out" into an OR gate File: C:/Users/felip/Desktop/Facul/Repositorio_processador/processador/register.v Line: 7
    Warning (13047): Converted the fan-out from the tri-state buffer "banco_registradores:registers|register:MDR|data_out[28]" to the node "ula:alu|Add1" into an OR gate File: C:/Users/felip/Desktop/Facul/Repositorio_processador/processador/register.v Line: 7
    Warning (13047): Converted the fan-out from the tri-state buffer "banco_registradores:registers|register:MDR|data_out[29]" to the node "ula:alu|data_out" into an OR gate File: C:/Users/felip/Desktop/Facul/Repositorio_processador/processador/register.v Line: 7
    Warning (13047): Converted the fan-out from the tri-state buffer "banco_registradores:registers|register:MDR|data_out[30]" to the node "ula:alu|Add1" into an OR gate File: C:/Users/felip/Desktop/Facul/Repositorio_processador/processador/register.v Line: 7
    Warning (13047): Converted the fan-out from the tri-state buffer "banco_registradores:registers|register:MDR|data_out[31]" to the node "ula:alu|data_out" into an OR gate File: C:/Users/felip/Desktop/Facul/Repositorio_processador/processador/register.v Line: 7
Info (286030): Timing-Driven Synthesis is running
Info (144001): Generated suppressed messages file C:/Users/felip/Desktop/Facul/Repositorio_processador/processador/output_files/processador.map.smsg
Info (16010): Generating hard_block partition "hard_block:auto_generated_inst"
    Info (16011): Adding 0 node(s), including 0 DDIO, 0 PLL, 0 transceiver and 0 LCELL
Warning (21074): Design contains 5 input pin(s) that do not drive logic
    Warning (15610): No output dependent on input pin "mir[8]" File: C:/Users/felip/Desktop/Facul/Repositorio_processador/processador/cpu.v Line: 4
    Warning (15610): No output dependent on input pin "mir[9]" File: C:/Users/felip/Desktop/Facul/Repositorio_processador/processador/cpu.v Line: 4
    Warning (15610): No output dependent on input pin "mir[10]" File: C:/Users/felip/Desktop/Facul/Repositorio_processador/processador/cpu.v Line: 4
    Warning (15610): No output dependent on input pin "mir[11]" File: C:/Users/felip/Desktop/Facul/Repositorio_processador/processador/cpu.v Line: 4
    Warning (15610): No output dependent on input pin "mir[12]" File: C:/Users/felip/Desktop/Facul/Repositorio_processador/processador/cpu.v Line: 4
Info (21057): Implemented 872 device resources after synthesis - the final resource count might be different
    Info (21058): Implemented 29 input pins
    Info (21059): Implemented 128 output pins
    Info (21061): Implemented 683 logic cells
    Info (21064): Implemented 32 RAM segments
Info: Quartus Prime Analysis & Synthesis was successful. 0 errors, 150 warnings
    Info: Peak virtual memory: 4780 megabytes
    Info: Processing ended: Thu Nov 10 19:05:17 2022
    Info: Elapsed time: 00:00:14
    Info: Total CPU time (on all processors): 00:00:22


+------------------------------------------+
; Analysis & Synthesis Suppressed Messages ;
+------------------------------------------+
The suppressed messages can be found in C:/Users/felip/Desktop/Facul/Repositorio_processador/processador/output_files/processador.map.smsg.


