Flow report for processador
Sun Dec 11 23:25:18 2022
Quartus Prime Version 21.1.1 Build 850 06/23/2022 SJ Lite Edition


---------------------
; Table of Contents ;
---------------------
  1. Legal Notice
  2. Flow Summary
  3. Flow Settings
  4. Flow Non-Default Global Settings
  5. Flow Elapsed Time
  6. Flow OS Summary
  7. Flow Log
  8. Flow Messages
  9. Flow Suppressed Messages



----------------
; Legal Notice ;
----------------
Copyright (C) 2022  Intel Corporation. All rights reserved.
Your use of Intel Corporation's design tools, logic functions 
and other software and tools, and any partner logic 
functions, and any output files from any of the foregoing 
(including device programming or simulation files), and any 
associated documentation or information are expressly subject 
to the terms and conditions of the Intel Program License 
Subscription Agreement, the Intel Quartus Prime License Agreement,
the Intel FPGA IP License Agreement, or other applicable license
agreement, including, without limitation, that your use is for
the sole purpose of programming logic devices manufactured by
Intel and sold by Intel or its authorized distributors.  Please
refer to the applicable agreement for further details, at
https://fpgasoftware.intel.com/eula.



+----------------------------------------------------------------------------------+
; Flow Summary                                                                     ;
+------------------------------------+---------------------------------------------+
; Flow Status                        ; Successful - Sun Dec 11 23:25:18 2022       ;
; Quartus Prime Version              ; 21.1.1 Build 850 06/23/2022 SJ Lite Edition ;
; Revision Name                      ; processador                                 ;
; Top-level Entity Name              ; cpu_fpga                                    ;
; Family                             ; Cyclone IV E                                ;
; Total logic elements               ; 97 / 6,272 ( 2 % )                          ;
;     Total combinational functions  ; 76 / 6,272 ( 1 % )                          ;
;     Dedicated logic registers      ; 37 / 6,272 ( < 1 % )                        ;
; Total registers                    ; 37                                          ;
; Total pins                         ; 22 / 92 ( 24 % )                            ;
; Total virtual pins                 ; 0                                           ;
; Total memory bits                  ; 2,560 / 276,480 ( < 1 % )                   ;
; Embedded Multiplier 9-bit elements ; 0 / 30 ( 0 % )                              ;
; Total PLLs                         ; 0 / 2 ( 0 % )                               ;
; Device                             ; EP4CE6E22C6                                 ;
; Timing Models                      ; Final                                       ;
+------------------------------------+---------------------------------------------+


+-----------------------------------------+
; Flow Settings                           ;
+-------------------+---------------------+
; Option            ; Setting             ;
+-------------------+---------------------+
; Start date & time ; 12/11/2022 23:24:56 ;
; Main task         ; Compilation         ;
; Revision Name     ; processador         ;
+-------------------+---------------------+


+------------------------------------------------------------------------------------------------------------------------------+
; Flow Non-Default Global Settings                                                                                             ;
+--------------------------------------+----------------------------------------+---------------+-------------+----------------+
; Assignment Name                      ; Value                                  ; Default Value ; Entity Name ; Section Id     ;
+--------------------------------------+----------------------------------------+---------------+-------------+----------------+
; COMPILER_SIGNATURE_ID                ; 134660534521379.167081189610016        ; --            ; --          ; --             ;
; EDA_DESIGN_INSTANCE_NAME             ; NA                                     ; --            ; --          ; cpu_tb         ;
; EDA_DESIGN_INSTANCE_NAME             ; NA                                     ; --            ; --          ; cpu_fpga_tb    ;
; EDA_NATIVELINK_SIMULATION_TEST_BENCH ; cpu_fpga_tb                            ; --            ; --          ; eda_simulation ;
; EDA_OUTPUT_DATA_FORMAT               ; Verilog Hdl                            ; --            ; --          ; eda_simulation ;
; EDA_SIMULATION_TOOL                  ; Questa Intel FPGA (Verilog)            ; <None>        ; --          ; --             ;
; EDA_TEST_BENCH_ENABLE_STATUS         ; TEST_BENCH_MODE                        ; --            ; --          ; eda_simulation ;
; EDA_TEST_BENCH_FILE                  ; cpu_tb.v                               ; --            ; --          ; cpu_tb         ;
; EDA_TEST_BENCH_FILE                  ; cpu_fpga_tb.v                          ; --            ; --          ; cpu_fpga_tb    ;
; EDA_TEST_BENCH_MODULE_NAME           ; cpu_tb                                 ; --            ; --          ; cpu_tb         ;
; EDA_TEST_BENCH_MODULE_NAME           ; cpu_fpga_tb                            ; --            ; --          ; cpu_fpga_tb    ;
; EDA_TEST_BENCH_NAME                  ; cpu_tb                                 ; --            ; --          ; eda_simulation ;
; EDA_TEST_BENCH_NAME                  ; cpu_fpga_tb                            ; --            ; --          ; eda_simulation ;
; EDA_TIME_SCALE                       ; 1 ps                                   ; --            ; --          ; eda_simulation ;
; PARTITION_COLOR                      ; -- (Not supported for targeted family) ; --            ; cpu_fpga    ; Top            ;
; PARTITION_FITTER_PRESERVATION_LEVEL  ; -- (Not supported for targeted family) ; --            ; cpu_fpga    ; Top            ;
; PARTITION_NETLIST_TYPE               ; -- (Not supported for targeted family) ; --            ; cpu_fpga    ; Top            ;
; PROJECT_OUTPUT_DIRECTORY             ; output_files                           ; --            ; --          ; --             ;
; TOP_LEVEL_ENTITY                     ; cpu_fpga                               ; processador   ; --          ; --             ;
+--------------------------------------+----------------------------------------+---------------+-------------+----------------+


+--------------------------------------------------------------------------------------------------------------------------+
; Flow Elapsed Time                                                                                                        ;
+----------------------+--------------+-------------------------+---------------------+------------------------------------+
; Module Name          ; Elapsed Time ; Average Processors Used ; Peak Virtual Memory ; Total CPU Time (on all processors) ;
+----------------------+--------------+-------------------------+---------------------+------------------------------------+
; Analysis & Synthesis ; 00:00:10     ; 1.0                     ; 4786 MB             ; 00:00:23                           ;
; Fitter               ; 00:00:04     ; 1.0                     ; 5502 MB             ; 00:00:05                           ;
; Assembler            ; 00:00:00     ; 1.0                     ; 4694 MB             ; 00:00:01                           ;
; Timing Analyzer      ; 00:00:01     ; 1.0                     ; 4783 MB             ; 00:00:02                           ;
; EDA Netlist Writer   ; 00:00:00     ; 1.0                     ; 4646 MB             ; 00:00:01                           ;
; Total                ; 00:00:15     ; --                      ; --                  ; 00:00:32                           ;
+----------------------+--------------+-------------------------+---------------------+------------------------------------+


+------------------------------------------------------------------------------------+
; Flow OS Summary                                                                    ;
+----------------------+------------------+------------+------------+----------------+
; Module Name          ; Machine Hostname ; OS Name    ; OS Version ; Processor type ;
+----------------------+------------------+------------+------------+----------------+
; Analysis & Synthesis ; FelipeMa         ; Windows 10 ; 10.0       ; x86_64         ;
; Fitter               ; FelipeMa         ; Windows 10 ; 10.0       ; x86_64         ;
; Assembler            ; FelipeMa         ; Windows 10 ; 10.0       ; x86_64         ;
; Timing Analyzer      ; FelipeMa         ; Windows 10 ; 10.0       ; x86_64         ;
; EDA Netlist Writer   ; FelipeMa         ; Windows 10 ; 10.0       ; x86_64         ;
+----------------------+------------------+------------+------------+----------------+


------------
; Flow Log ;
------------
quartus_map --read_settings_files=on --write_settings_files=off processador -c processador
quartus_fit --read_settings_files=off --write_settings_files=off processador -c processador
quartus_asm --read_settings_files=off --write_settings_files=off processador -c processador
quartus_sta processador -c processador
quartus_eda --read_settings_files=off --write_settings_files=off processador -c processador



